Starting data generation process...
Connected to database
No admin user found. Please create an admin user first.
Starting data generation process...
Connected to database
Found admin user: 682d49641ee6bbf478d02a26 - Admin User
Existing news data cleared
Generating article 1/50...
Generating article 2/50...
Generating article 3/50...
Generating article 4/50...
Generating article 5/50...
Generating article 6/50...
Generating article 7/50...
Generating article 8/50...
Generating article 9/50...
Generating article 10/50...
Generating article 11/50...
Generating article 12/50...
Generating article 13/50...
Generating article 14/50...
Generating article 15/50...
Generating article 16/50...
Generating article 17/50...
Generating article 18/50...
Generating article 19/50...
Generating article 20/50...
Generating article 21/50...
Generating article 22/50...
Generating article 23/50...
Generating article 24/50...
Generating article 25/50...
Generating article 26/50...
Generating article 27/50...
Generating article 28/50...
Generating article 29/50...
Generating article 30/50...
Generating article 31/50...
Generating article 32/50...
Generating article 33/50...
Generating article 34/50...
Generating article 35/50...
Generating article 36/50...
Generating article 37/50...
Generating article 38/50...
Generating article 39/50...
Generating article 40/50...
Generating article 41/50...
Generating article 42/50...
Generating article 43/50...
Generating article 44/50...
Generating article 45/50...
Generating article 46/50...
Generating article 47/50...
Generating article 48/50...
Generating article 49/50...
Generating article 50/50...
All articles generated, saving to database...
50 news articles generated successfully
Sample data written to sample-news.txt
